Build started 16/01/2015 23:23:43.
     1>Project "C:\Users\Paul\Documents\Visual Studio 2010\Projects\C++\PhysicsEngine\PhysicsEngine\Physics Engine.vcxproj" on node 2 (build target(s)).
     1>InitializeBuildStatus:
         Creating "Release\Physics Engine.unsuccessfulbuild" because "AlwaysCreate" was specified.
       ClCompile:
         c:\Program Files (x86)\Microsoft Visual Studio 10.0\VC\bin\CL.exe /c /Zi /nologo /W3 /WX- /O2 /Oi /Oy- /GL /D WIN32 /D NDEBUG /D _CONSOLE /D _UNICODE /D UNICODE /Gm- /EHsc /MD /GS /Gy /fp:precise /Zc:wchar_t /Zc:forScope /Fo"Release\\" /Fd"Release\vc100.pdb" /Gd /TP /analyze- /errorReport:prompt AABB.cpp BoundingSphere.cpp Camera.cpp ConstraintsHandler.cpp GeoModel3D.cpp glApplication.cpp glsl.cpp glutwindow.cpp glWindow.cpp lodepng.cpp main.cpp ModelImporter3D.cpp Quadtree.cpp Renderable.cpp SceneManager.cpp tiny_obj_loader.cc GameEngine.cpp
         AABB.cpp
         BoundingSphere.cpp
         Camera.cpp
         GLM: rotate function taking degrees as a parameter is deprecated. #define GLM_FORCE_RADIANS before including GLM headers to remove this message.
         GLM: perspective function taking degrees as a parameter is deprecated. #define GLM_FORCE_RADIANS before including GLM headers to remove this message.
         ConstraintsHandler.cpp
         GeoModel3D.cpp
         GLM: rotate function taking degrees as a parameter is deprecated. #define GLM_FORCE_RADIANS before including GLM headers to remove this message.
         glApplication.cpp
         glsl.cpp
     1>glsl.cpp(1349): warning C4244: 'initializing' : conversion from 'std::streamoff' to 'unsigned long', possible loss of data
     1>glsl.cpp(1351): warning C4244: 'initializing' : conversion from 'std::streamoff' to 'unsigned long', possible loss of data
         glutwindow.cpp
         glWindow.cpp
         lodepng.cpp
         main.cpp
         ModelImporter3D.cpp
         Quadtree.cpp
         Renderable.cpp
         SceneManager.cpp
         tiny_obj_loader.cc
     1>tiny_obj_loader.cc(336): warning C4996: 'sscanf': This function or variable may be unsafe. Consider using sscanf_s instead. To disable deprecation, use _CRT_SECURE_NO_WARNINGS. See online help for details.
                 c:\Program Files (x86)\Microsoft Visual Studio 10.0\VC\include\stdio.h(325) : see declaration of 'sscanf'
     1>tiny_obj_loader.cc(625): warning C4996: 'sscanf': This function or variable may be unsafe. Consider using sscanf_s instead. To disable deprecation, use _CRT_SECURE_NO_WARNINGS. See online help for details.
                 c:\Program Files (x86)\Microsoft Visual Studio 10.0\VC\include\stdio.h(325) : see declaration of 'sscanf'
     1>tiny_obj_loader.cc(645): warning C4996: 'sscanf': This function or variable may be unsafe. Consider using sscanf_s instead. To disable deprecation, use _CRT_SECURE_NO_WARNINGS. See online help for details.
                 c:\Program Files (x86)\Microsoft Visual Studio 10.0\VC\include\stdio.h(325) : see declaration of 'sscanf'
     1>tiny_obj_loader.cc(705): warning C4996: 'sscanf': This function or variable may be unsafe. Consider using sscanf_s instead. To disable deprecation, use _CRT_SECURE_NO_WARNINGS. See online help for details.
                 c:\Program Files (x86)\Microsoft Visual Studio 10.0\VC\include\stdio.h(325) : see declaration of 'sscanf'
         GameEngine.cpp
         c:\Program Files (x86)\Microsoft Visual Studio 10.0\VC\bin\CL.exe /c /Zi /nologo /W3 /WX- /O2 /Oi /Oy- /GL /D WIN32 /D NDEBUG /D _CONSOLE /D _UNICODE /D UNICODE /Gm- /EHsc /MD /GS /Gy /fp:precise /Zc:wchar_t /Zc:forScope /Fo"Release\\" /Fd"Release\vc100.pdb" /Gd /TC /analyze- /errorReport:prompt SOIL\image_DXT.c SOIL\image_helper.c SOIL\SOIL.c SOIL\stb_image_aug.c
         image_DXT.c
     1>SOIL\image_DXT.c(92): warning C4996: 'fopen': This function or variable may be unsafe. Consider using fopen_s instead. To disable deprecation, use _CRT_SECURE_NO_WARNINGS. See online help for details.
                 c:\Program Files (x86)\Microsoft Visual Studio 10.0\VC\include\stdio.h(234) : see declaration of 'fopen'
         image_helper.c
     1>SOIL\image_helper.c(325): warning C4244: 'initializing' : conversion from 'double' to 'float', possible loss of data
     1>SOIL\image_helper.c(366): warning C4244: '=' : conversion from 'double' to 'float', possible loss of data
     1>SOIL\image_helper.c(373): warning C4244: '=' : conversion from 'float' to 'int', possible loss of data
     1>SOIL\image_helper.c(415): warning C4244: '=' : conversion from 'double' to 'float', possible loss of data
     1>SOIL\image_helper.c(422): warning C4244: '=' : conversion from 'float' to 'int', possible loss of data
         SOIL.c
     1>SOIL\SOIL.c(1719): warning C4018: '<=' : signed/unsigned mismatch
     1>SOIL\SOIL.c(1729): warning C4018: '<' : signed/unsigned mismatch
     1>SOIL\SOIL.c(1841): warning C4996: 'fopen': This function or variable may be unsafe. Consider using fopen_s instead. To disable deprecation, use _CRT_SECURE_NO_WARNINGS. See online help for details.
                 c:\Program Files (x86)\Microsoft Visual Studio 10.0\VC\include\stdio.h(234) : see declaration of 'fopen'
         stb_image_aug.c
     1>SOIL\stb_image_aug.c(177): warning C4996: 'fopen': This function or variable may be unsafe. Consider using fopen_s instead. To disable deprecation, use _CRT_SECURE_NO_WARNINGS. See online help for details.
                 c:\Program Files (x86)\Microsoft Visual Studio 10.0\VC\include\stdio.h(234) : see declaration of 'fopen'
     1>SOIL\stb_image_aug.c(251): warning C4996: 'fopen': This function or variable may be unsafe. Consider using fopen_s instead. To disable deprecation, use _CRT_SECURE_NO_WARNINGS. See online help for details.
                 c:\Program Files (x86)\Microsoft Visual Studio 10.0\VC\include\stdio.h(234) : see declaration of 'fopen'
     1>SOIL\stb_image_aug.c(303): warning C4996: 'fopen': This function or variable may be unsafe. Consider using fopen_s instead. To disable deprecation, use _CRT_SECURE_NO_WARNINGS. See online help for details.
                 c:\Program Files (x86)\Microsoft Visual Studio 10.0\VC\include\stdio.h(234) : see declaration of 'fopen'
     1>SOIL\stb_image_aug.c(1557): warning C4996: 'fopen': This function or variable may be unsafe. Consider using fopen_s instead. To disable deprecation, use _CRT_SECURE_NO_WARNINGS. See online help for details.
                 c:\Program Files (x86)\Microsoft Visual Studio 10.0\VC\include\stdio.h(234) : see declaration of 'fopen'
     1>SOIL\stb_image_aug.c(2394): warning C4996: 'fopen': This function or variable may be unsafe. Consider using fopen_s instead. To disable deprecation, use _CRT_SECURE_NO_WARNINGS. See online help for details.
                 c:\Program Files (x86)\Microsoft Visual Studio 10.0\VC\include\stdio.h(234) : see declaration of 'fopen'
     1>SOIL\stb_image_aug.c(2709): warning C4996: 'fopen': This function or variable may be unsafe. Consider using fopen_s instead. To disable deprecation, use _CRT_SECURE_NO_WARNINGS. See online help for details.
                 c:\Program Files (x86)\Microsoft Visual Studio 10.0\VC\include\stdio.h(234) : see declaration of 'fopen'
     1>SOIL\stb_image_aug.c(2995): warning C4996: 'fopen': This function or variable may be unsafe. Consider using fopen_s instead. To disable deprecation, use _CRT_SECURE_NO_WARNINGS. See online help for details.
                 c:\Program Files (x86)\Microsoft Visual Studio 10.0\VC\include\stdio.h(234) : see declaration of 'fopen'
     1>SOIL\stb_image_aug.c(3209): warning C4996: 'fopen': This function or variable may be unsafe. Consider using fopen_s instead. To disable deprecation, use _CRT_SECURE_NO_WARNINGS. See online help for details.
                 c:\Program Files (x86)\Microsoft Visual Studio 10.0\VC\include\stdio.h(234) : see declaration of 'fopen'
     1>SOIL\stb_image_aug.c(3548): warning C4996: 'fopen': This function or variable may be unsafe. Consider using fopen_s instead. To disable deprecation, use _CRT_SECURE_NO_WARNINGS. See online help for details.
                 c:\Program Files (x86)\Microsoft Visual Studio 10.0\VC\include\stdio.h(234) : see declaration of 'fopen'
     1>SOIL\stb_image_aug.c(3644): warning C4996: 'fopen': This function or variable may be unsafe. Consider using fopen_s instead. To disable deprecation, use _CRT_SECURE_NO_WARNINGS. See online help for details.
                 c:\Program Files (x86)\Microsoft Visual Studio 10.0\VC\include\stdio.h(234) : see declaration of 'fopen'
     1>c:\users\paul\documents\visual studio 2010\projects\c++\physicsengine\physicsengine\soil\stbi_DDS_aug_c.h(362): warning C4018: '>' : signed/unsigned mismatch
     1>c:\users\paul\documents\visual studio 2010\projects\c++\physicsengine\physicsengine\soil\stbi_DDS_aug_c.h(366): warning C4018: '>' : signed/unsigned mismatch
     1>c:\users\paul\documents\visual studio 2010\projects\c++\physicsengine\physicsengine\soil\stbi_DDS_aug_c.h(390): warning C4018: '<' : signed/unsigned mismatch
     1>c:\users\paul\documents\visual studio 2010\projects\c++\physicsengine\physicsengine\soil\stbi_DDS_aug_c.h(427): warning C4018: '<' : signed/unsigned mismatch
     1>c:\users\paul\documents\visual studio 2010\projects\c++\physicsengine\physicsengine\soil\stbi_DDS_aug_c.h(498): warning C4996: 'fopen': This function or variable may be unsafe. Consider using fopen_s instead. To disable deprecation, use _CRT_SECURE_NO_WARNINGS. See online help for details.
                 c:\Program Files (x86)\Microsoft Visual Studio 10.0\VC\include\stdio.h(234) : see declaration of 'fopen'
       Link:
         c:\Program Files (x86)\Microsoft Visual Studio 10.0\VC\bin\link.exe /ERRORREPORT:PROMPT /OUT:"C:\Users\Paul\Documents\Visual Studio 2010\Projects\C++\PhysicsEngine\Release\Physics Engine.exe" /INCREMENTAL:NO /NOLOGO opengl32.lib glut32.lib glu32.lib glew32d.lib kernel32.lib user32.lib gdi32.lib winspool.lib comdlg32.lib advapi32.lib shell32.lib ole32.lib oleaut32.lib uuid.lib odbc32.lib odbccp32.lib /MANIFEST /ManifestFile:"Release\Physics Engine.exe.intermediate.manifest" /MANIFESTUAC:"level='asInvoker' uiAccess='false'" /DEBUG /PDB:"C:\Users\Paul\Documents\Visual Studio 2010\Projects\C++\PhysicsEngine\Release\Physics Engine.pdb" /SUBSYSTEM:CONSOLE /OPT:REF /OPT:ICF /LTCG /TLBID:1 /DYNAMICBASE /NXCOMPAT /IMPLIB:"C:\Users\Paul\Documents\Visual Studio 2010\Projects\C++\PhysicsEngine\Release\Physics Engine.lib" /MACHINE:X86 Release\AABB.obj
         Release\BoundingSphere.obj
         Release\Camera.obj
         Release\ConstraintsHandler.obj
         Release\GeoModel3D.obj
         Release\glApplication.obj
         Release\glsl.obj
         Release\glutwindow.obj
         Release\glWindow.obj
         Release\lodepng.obj
         Release\main.obj
         Release\ModelImporter3D.obj
         Release\Quadtree.obj
         Release\Renderable.obj
         Release\SceneManager.obj
         Release\image_DXT.obj
         Release\image_helper.obj
         Release\SOIL.obj
         Release\stb_image_aug.obj
         Release\tiny_obj_loader.obj
         Release\GameEngine.obj
         Generating code
         Finished generating code
         Physics Engine.vcxproj -> C:\Users\Paul\Documents\Visual Studio 2010\Projects\C++\PhysicsEngine\Release\Physics Engine.exe
       Manifest:
         C:\Program Files (x86)\Microsoft SDKs\Windows\v7.0A\bin\mt.exe /nologo /verbose /outputresource:"C:\Users\Paul\Documents\Visual Studio 2010\Projects\C++\PhysicsEngine\Release\Physics Engine.exe;#1" /manifest "Release\Physics Engine.exe.intermediate.manifest"
       FinalizeBuildStatus:
         Deleting file "Release\Physics Engine.unsuccessfulbuild".
         Touching "Release\Physics Engine.lastbuildstate".
     1>Done Building Project "C:\Users\Paul\Documents\Visual Studio 2010\Projects\C++\PhysicsEngine\PhysicsEngine\Physics Engine.vcxproj" (build target(s)).

Build succeeded.

Time Elapsed 00:00:47.09
