c:\users\paul\documents\github\game-engine\physicsengine\release\vc140.pdb
c:\users\paul\documents\github\game-engine\physicsengine\release\gameengine.obj
c:\users\paul\documents\github\game-engine\physicsengine\release\tiny_obj_loader.obj
c:\users\paul\documents\github\game-engine\physicsengine\release\scenerenderer.obj
c:\users\paul\documents\github\game-engine\physicsengine\release\scenemanager.obj
c:\users\paul\documents\github\game-engine\physicsengine\release\renderable.obj
c:\users\paul\documents\github\game-engine\physicsengine\release\modelimporter3d.obj
c:\users\paul\documents\github\game-engine\physicsengine\release\main.obj
c:\users\paul\documents\github\game-engine\physicsengine\release\lodepng.obj
c:\users\paul\documents\github\game-engine\physicsengine\release\glwindow.obj
c:\users\paul\documents\github\game-engine\physicsengine\release\glutwindow.obj
c:\users\paul\documents\github\game-engine\physicsengine\release\glsl.obj
c:\users\paul\documents\github\game-engine\physicsengine\release\glapplication.obj
c:\users\paul\documents\github\game-engine\physicsengine\release\geomodel3d.obj
c:\users\paul\documents\github\game-engine\physicsengine\release\constraintshandler.obj
c:\users\paul\documents\github\game-engine\physicsengine\release\camera.obj
c:\users\paul\documents\github\game-engine\physicsengine\release\boundingsphere.obj
c:\users\paul\documents\github\game-engine\physicsengine\release\aabb.obj
c:\users\paul\documents\github\game-engine\physicsengine\release\stb_image_aug.obj
c:\users\paul\documents\github\game-engine\physicsengine\release\soil.obj
c:\users\paul\documents\github\game-engine\physicsengine\release\image_helper.obj
c:\users\paul\documents\github\game-engine\physicsengine\release\image_dxt.obj
c:\users\paul\documents\github\game-engine\physicsengine\release\gameengine.res
c:\users\paul\documents\github\game-engine\physicsengine\release\physics engine.vcxprojresolveassemblyreference.cache
c:\users\paul\documents\github\game-engine\physicsengine\release\quadtree.obj
c:\users\paul\documents\github\game-engine\physicsengine\release\physics engine.exe.intermediate.manifest
c:\users\paul\documents\github\game-engine\physicsengine\release\vc100.pdb
c:\users\paul\documents\github\game-engine\physicsengine\release\physics engine.tlog\cl.command.1.tlog
c:\users\paul\documents\github\game-engine\physicsengine\release\physics engine.tlog\cl.read.1.tlog
c:\users\paul\documents\github\game-engine\physicsengine\release\physics engine.tlog\cl.write.1.tlog
c:\users\paul\documents\github\game-engine\physicsengine\release\physics engine.tlog\link.command.1.tlog
c:\users\paul\documents\github\game-engine\physicsengine\release\physics engine.tlog\link.read.1.tlog
c:\users\paul\documents\github\game-engine\physicsengine\release\physics engine.tlog\link.write.1.tlog
c:\users\paul\documents\github\game-engine\physicsengine\release\physics engine.tlog\rc.command.1.tlog
c:\users\paul\documents\github\game-engine\physicsengine\release\physics engine.tlog\rc.read.1.tlog
c:\users\paul\documents\github\game-engine\physicsengine\release\physics engine.tlog\rc.write.1.tlog
