  AABB.cpp
  BoundingSphere.cpp
  Camera.cpp
  moc_QtGLWidget.cpp
  moc_QtPhysicsEngine.cpp
  GeoModel3D.cpp
  PhysicsHandler.cpp
  QtGLWidget.cpp
  QtPhysicsEngine.cpp
  Renderable.cpp
  RigidBody.cpp
  image_DXT.cpp
  image_helper.cpp
  SOIL.cpp
  stb_image_aug.cpp
D:\Users\paul\Documents\GitHub\Physics-Engine\PhysicsEngineLib\SOIL\stb_image_aug.cpp(179,19): warning C4312: 'type cast': conversion from 'int' to 'unsigned char *' of greater size
D:\Users\paul\Documents\GitHub\Physics-Engine\PhysicsEngineLib\SOIL\stb_image_aug.cpp(212,11): warning C4312: 'type cast': conversion from 'int' to 'unsigned char *' of greater size
D:\Users\paul\Documents\GitHub\Physics-Engine\PhysicsEngineLib\SOIL\stb_image_aug.cpp(243,11): warning C4312: 'type cast': conversion from 'int' to 'unsigned char *' of greater size
D:\Users\paul\Documents\GitHub\Physics-Engine\PhysicsEngineLib\SOIL\stb_image_aug.cpp(253,19): warning C4312: 'type cast': conversion from 'int' to 'float *' of greater size
D:\Users\paul\Documents\GitHub\Physics-Engine\PhysicsEngineLib\SOIL\stb_image_aug.cpp(269,11): warning C4312: 'type cast': conversion from 'int' to 'float *' of greater size
D:\Users\paul\Documents\GitHub\Physics-Engine\PhysicsEngineLib\SOIL\stb_image_aug.cpp(283,11): warning C4312: 'type cast': conversion from 'int' to 'float *' of greater size
D:\Users\paul\Documents\GitHub\Physics-Engine\PhysicsEngineLib\SOIL\stb_image_aug.cpp(481,14): warning C4312: 'type cast': conversion from 'int' to 'unsigned char *' of greater size
D:\Users\paul\Documents\GitHub\Physics-Engine\PhysicsEngineLib\SOIL\stb_image_aug.cpp(519,45): warning C4312: 'type cast': conversion from 'int' to 'float *' of greater size
D:\Users\paul\Documents\GitHub\Physics-Engine\PhysicsEngineLib\SOIL\stb_image_aug.cpp(537,45): warning C4312: 'type cast': conversion from 'int' to 'unsigned char *' of greater size
D:\Users\paul\Documents\GitHub\Physics-Engine\PhysicsEngineLib\SOIL\stb_image_aug.cpp(1450,45): warning C4312: 'type cast': conversion from 'int' to 'unsigned char *' of greater size
D:\Users\paul\Documents\GitHub\Physics-Engine\PhysicsEngineLib\SOIL\stb_image_aug.cpp(1479,65): warning C4312: 'type cast': conversion from 'int' to 'unsigned char *' of greater size
D:\Users\paul\Documents\GitHub\Physics-Engine\PhysicsEngineLib\SOIL\stb_image_aug.cpp(1497,46): warning C4312: 'type cast': conversion from 'int' to 'unsigned char *' of greater size
D:\Users\paul\Documents\GitHub\Physics-Engine\PhysicsEngineLib\SOIL\stb_image_aug.cpp(2363,45): warning C4312: 'type cast': conversion from 'int' to 'unsigned char *' of greater size
D:\Users\paul\Documents\GitHub\Physics-Engine\PhysicsEngineLib\SOIL\stb_image_aug.cpp(2518,49): warning C4312: 'type cast': conversion from 'int' to 'unsigned char *' of greater size
D:\Users\paul\Documents\GitHub\Physics-Engine\PhysicsEngineLib\SOIL\stb_image_aug.cpp(2524,66): warning C4312: 'type cast': conversion from 'int' to 'unsigned char *' of greater size
D:\Users\paul\Documents\GitHub\Physics-Engine\PhysicsEngineLib\SOIL\stb_image_aug.cpp(2535,25): warning C4312: 'type cast': conversion from 'int' to 'unsigned char *' of greater size
D:\Users\paul\Documents\GitHub\Physics-Engine\PhysicsEngineLib\SOIL\stb_image_aug.cpp(2543,50): warning C4312: 'type cast': conversion from 'int' to 'unsigned char *' of greater size
D:\Users\paul\Documents\GitHub\Physics-Engine\PhysicsEngineLib\SOIL\stb_image_aug.cpp(2599,21): warning C4312: 'type cast': conversion from 'int' to 'unsigned char *' of greater size
D:\Users\paul\Documents\GitHub\Physics-Engine\PhysicsEngineLib\SOIL\stb_image_aug.cpp(2602,58): warning C4312: 'type cast': conversion from 'int' to 'unsigned char *' of greater size
D:\Users\paul\Documents\GitHub\Physics-Engine\PhysicsEngineLib\SOIL\stb_image_aug.cpp(2613,32): warning C4312: 'type cast': conversion from 'int' to 'unsigned char *' of greater size
D:\Users\paul\Documents\GitHub\Physics-Engine\PhysicsEngineLib\SOIL\stb_image_aug.cpp(2651,40): warning C4312: 'type cast': conversion from 'int' to 'unsigned char *' of greater size
D:\Users\paul\Documents\GitHub\Physics-Engine\PhysicsEngineLib\SOIL\stb_image_aug.cpp(3056,10): warning C4312: 'type cast': conversion from 'int' to 'unsigned char *' of greater size
D:\Users\paul\Documents\GitHub\Physics-Engine\PhysicsEngineLib\SOIL\stb_image_aug.cpp(3060,10): warning C4312: 'type cast': conversion from 'int' to 'unsigned char *' of greater size
D:\Users\paul\Documents\GitHub\Physics-Engine\PhysicsEngineLib\SOIL\stb_image_aug.cpp(3068,10): warning C4312: 'type cast': conversion from 'int' to 'unsigned char *' of greater size
D:\Users\paul\Documents\GitHub\Physics-Engine\PhysicsEngineLib\SOIL\stb_image_aug.cpp(3076,10): warning C4312: 'type cast': conversion from 'int' to 'unsigned char *' of greater size
D:\Users\paul\Documents\GitHub\Physics-Engine\PhysicsEngineLib\SOIL\stb_image_aug.cpp(3089,10): warning C4312: 'type cast': conversion from 'int' to 'unsigned char *' of greater size
D:\Users\paul\Documents\GitHub\Physics-Engine\PhysicsEngineLib\SOIL\stb_image_aug.cpp(3106,10): warning C4312: 'type cast': conversion from 'int' to 'unsigned char *' of greater size
D:\Users\paul\Documents\GitHub\Physics-Engine\PhysicsEngineLib\SOIL\stb_image_aug.cpp(3110,19): warning C4312: 'type cast': conversion from 'int' to 'unsigned char *' of greater size
D:\Users\paul\Documents\GitHub\Physics-Engine\PhysicsEngineLib\SOIL\stb_image_aug.cpp(3332,10): warning C4312: 'type cast': conversion from 'int' to 'float *' of greater size
D:\Users\paul\Documents\GitHub\Physics-Engine\PhysicsEngineLib\SOIL\stb_image_aug.cpp(3341,24): warning C4312: 'type cast': conversion from 'int' to 'float *' of greater size
D:\Users\paul\Documents\GitHub\Physics-Engine\PhysicsEngineLib\SOIL\stb_image_aug.cpp(3346,42): warning C4312: 'type cast': conversion from 'int' to 'float *' of greater size
D:\Users\paul\Documents\GitHub\Physics-Engine\PhysicsEngineLib\SOIL\stb_image_aug.cpp(3350,42): warning C4312: 'type cast': conversion from 'int' to 'float *' of greater size
D:\Users\paul\Documents\GitHub\Physics-Engine\PhysicsEngineLib\SOIL\stb_image_aug.cpp(3386,33): warning C4838: conversion from 'int' to 'stbi_uc' requires a narrowing conversion
D:\Users\paul\Documents\GitHub\Physics-Engine\PhysicsEngineLib\SOIL\stb_image_aug.cpp(3386,36): warning C4838: conversion from 'int' to 'stbi_uc' requires a narrowing conversion
D:\Users\paul\Documents\GitHub\Physics-Engine\PhysicsEngineLib\SOIL\stb_image_aug.cpp(3386,39): warning C4838: conversion from 'int' to 'stbi_uc' requires a narrowing conversion
D:\Users\paul\Documents\GitHub\Physics-Engine\PhysicsEngineLib\SOIL\stb_image_aug.cpp(3386,48): warning C4838: conversion from 'int' to 'stbi_uc' requires a narrowing conversion
D:\Users\paul\Documents\GitHub\Physics-Engine\PhysicsEngineLib\SOIL\stb_image_aug.cpp(3395,69): warning C4312: 'type cast': conversion from 'int' to 'float *' of greater size
D:\Users\paul\Documents\GitHub\Physics-Engine\PhysicsEngineLib\SOIL\stb_image_aug.cpp(3439,10): warning C4312: 'type cast': conversion from 'int' to 'unsigned char *' of greater size
D:\Users\paul\Documents\GitHub\Physics-Engine\PhysicsEngineLib\SOIL\stb_image_aug.cpp(3448,24): warning C4312: 'type cast': conversion from 'int' to 'unsigned char *' of greater size
D:\Users\paul\Documents\GitHub\Physics-Engine\PhysicsEngineLib\SOIL\stb_image_aug.cpp(3453,42): warning C4312: 'type cast': conversion from 'int' to 'unsigned char *' of greater size
D:\Users\paul\Documents\GitHub\Physics-Engine\PhysicsEngineLib\SOIL\stb_image_aug.cpp(3457,42): warning C4312: 'type cast': conversion from 'int' to 'unsigned char *' of greater size
D:\Users\paul\Documents\GitHub\Physics-Engine\PhysicsEngineLib\SOIL\stb_image_aug.cpp(3505,54): warning C4312: 'type cast': conversion from 'int' to 'unsigned char *' of greater size
D:\Users\paul\Documents\GitHub\Physics-Engine\PhysicsEngineLib\SOIL\stb_image_aug.cpp(3550,19): warning C4312: 'type cast': conversion from 'int' to 'unsigned char *' of greater size
  tinyxml2.cpp
  tiny_obj_loader.cc
C:\Program Files (x86)\Microsoft Visual Studio\2019\Community\VC\Tools\MSVC\14.24.28314\include\utility(149,1): warning C4267: 'initializing': conversion from 'size_t' to '_Ty2', possible loss of data
          with
          [
              _Ty2=int
          ]
D:\Users\paul\Documents\GitHub\Physics-Engine\PhysicsEngineLib\tiny_obj_loader.cc(326): message : see reference to function template instantiation 'std::pair<std::string,int>::pair<std::string&,unsigned __int64,0>(_Other1,_Other2 &&) noexcept(false)' being compiled
          with
          [
              _Other1=std::string &,
              _Other2=unsigned __int64
          ]
D:\Users\paul\Documents\GitHub\Physics-Engine\PhysicsEngineLib\tiny_obj_loader.cc(326): message : see reference to function template instantiation 'std::pair<std::string,int>::pair<std::string&,unsigned __int64,0>(_Other1,_Other2 &&) noexcept(false)' being compiled
          with
          [
              _Other1=std::string &,
              _Other2=unsigned __int64
          ]
  Unit.cpp
  UnitsManager.cpp
  Generating Code...
  qrc_PhysicsEngineLib.cpp
  PhysicsEngineLib.vcxproj -> D:\Users\paul\Documents\GitHub\Physics-Engine\x64\Debug\PhysicsEngineLib.lib
