c:\users\paul\desktop\code\projects\c++\physicsengine\physicsengine\debug\vc140.pdb
c:\users\paul\desktop\code\projects\c++\physicsengine\physicsengine\debug\vc140.idb
c:\users\paul\desktop\code\projects\c++\physicsengine\physicsengine\debug\aabb.obj
c:\users\paul\desktop\code\projects\c++\physicsengine\physicsengine\debug\boundingsphere.obj
c:\users\paul\desktop\code\projects\c++\physicsengine\physicsengine\debug\camera.obj
c:\users\paul\desktop\code\projects\c++\physicsengine\physicsengine\debug\constraintshandler.obj
c:\users\paul\desktop\code\projects\c++\physicsengine\physicsengine\debug\geomodel3d.obj
c:\users\paul\desktop\code\projects\c++\physicsengine\physicsengine\debug\glapplication.obj
c:\users\paul\desktop\code\projects\c++\physicsengine\physicsengine\debug\glsl.obj
c:\users\paul\desktop\code\projects\c++\physicsengine\physicsengine\debug\glutwindow.obj
c:\users\paul\desktop\code\projects\c++\physicsengine\physicsengine\debug\glwindow.obj
c:\users\paul\desktop\code\projects\c++\physicsengine\physicsengine\debug\lodepng.obj
c:\users\paul\desktop\code\projects\c++\physicsengine\physicsengine\debug\main.obj
c:\users\paul\desktop\code\projects\c++\physicsengine\physicsengine\debug\modelimporter3d.obj
c:\users\paul\desktop\code\projects\c++\physicsengine\physicsengine\debug\renderable.obj
c:\users\paul\desktop\code\projects\c++\physicsengine\physicsengine\debug\scenemanager.obj
c:\users\paul\desktop\code\projects\c++\physicsengine\physicsengine\debug\scenerenderer.obj
c:\users\paul\desktop\code\projects\c++\physicsengine\physicsengine\debug\tiny_obj_loader.obj
c:\users\paul\desktop\code\projects\c++\physicsengine\physicsengine\debug\gameengine.obj
c:\users\paul\desktop\code\projects\c++\physicsengine\physicsengine\debug\image_dxt.obj
c:\users\paul\desktop\code\projects\c++\physicsengine\physicsengine\debug\image_helper.obj
c:\users\paul\desktop\code\projects\c++\physicsengine\physicsengine\debug\soil.obj
c:\users\paul\desktop\code\projects\c++\physicsengine\physicsengine\debug\stb_image_aug.obj
c:\users\paul\desktop\code\projects\c++\physicsengine\debug\physics engine.pdb
c:\users\paul\desktop\code\projects\c++\physicsengine\debug\physics engine.ilk
c:\users\paul\desktop\code\projects\c++\physicsengine\physicsengine\debug\physics engine.tlog\cl.command.1.tlog
c:\users\paul\desktop\code\projects\c++\physicsengine\physicsengine\debug\physics engine.tlog\cl.read.1.tlog
c:\users\paul\desktop\code\projects\c++\physicsengine\physicsengine\debug\physics engine.tlog\cl.write.1.tlog
c:\users\paul\desktop\code\projects\c++\physicsengine\physicsengine\debug\physics engine.tlog\link.command.1.tlog
c:\users\paul\desktop\code\projects\c++\physicsengine\physicsengine\debug\physics engine.tlog\link.read.1.tlog
c:\users\paul\desktop\code\projects\c++\physicsengine\physicsengine\debug\physics engine.tlog\link.write.1.tlog
